============================= test session starts =============================
platform win32 -- Python 3.13.5, pytest-8.3.4, pluggy-1.6.0 -- C:\Python313\python.exe
cachedir: .pytest_cache
rootdir: C:\Users\krazy\Documents\GitHub\ShatterlandsTTRPGAI\AI-TTRPG
plugins: anyio-4.10.0, asyncio-1.1.0, cov-7.0.0
asyncio: mode=Mode.STRICT, asyncio_default_fixture_loop_scope=None, asyncio_default_test_loop_scope=function
collecting ... collected 0 items / 1 error

=================================== ERRORS ====================================
_______________ ERROR collecting tests/test_auth_integration.py _______________
ImportError while importing test module 'C:\Users\krazy\Documents\GitHub\ShatterlandsTTRPGAI\AI-TTRPG\tests\test_auth_integration.py'.
Hint: make sure your test modules/packages have valid Python names.
Traceback:
C:\Python313\Lib\importlib\__init__.py:88: in import_module
    return _bootstrap._gcd_import(name[level:], package, level)
tests\test_auth_integration.py:3: in <module>
    from monolith.main import app
monolith\main.py:6: in <module>
    from monolith.modules.auth_pkg.dependencies import get_current_user
monolith\modules\auth_pkg\__init__.py:1: in <module>
    from .dependencies import get_current_user
monolith\modules\auth_pkg\dependencies.py:4: in <module>
    from .utils import verify_token
monolith\modules\auth_pkg\utils.py:4: in <module>
    from jose import jwt, JWTError
E   ModuleNotFoundError: No module named 'jose'
============================== warnings summary ===============================
monolith\modules\world_pkg\database.py:31
  C:\Users\krazy\Documents\GitHub\ShatterlandsTTRPGAI\AI-TTRPG\monolith\modules\world_pkg\database.py:31: MovedIn20Warning: The ``declarative_base()`` function is now available as sqlalchemy.orm.declarative_base(). (deprecated since: 2.0) (Background on SQLAlchemy 2.0 at: https://sqlalche.me/e/b8d9)
    Base = declarative_base()

..\..\..\..\..\..\Python313\Lib\site-packages\pydantic\_internal\_config.py:323
..\..\..\..\..\..\Python313\Lib\site-packages\pydantic\_internal\_config.py:323
..\..\..\..\..\..\Python313\Lib\site-packages\pydantic\_internal\_config.py:323
..\..\..\..\..\..\Python313\Lib\site-packages\pydantic\_internal\_config.py:323
..\..\..\..\..\..\Python313\Lib\site-packages\pydantic\_internal\_config.py:323
  C:\Python313\Lib\site-packages\pydantic\_internal\_config.py:323: PydanticDeprecatedSince20: Support for class-based `config` is deprecated, use ConfigDict instead. Deprecated in Pydantic V2.0 to be removed in V3.0. See Pydantic V2 Migration Guide at https://errors.pydantic.dev/2.11/migration/
    warnings.warn(DEPRECATION_MESSAGE, DeprecationWarning)

-- Docs: https://docs.pytest.org/en/stable/how-to/capture-warnings.html
=========================== short test summary info ===========================
ERROR tests/test_auth_integration.py
!!!!!!!!!!!!!!!!!!! Interrupted: 1 error during collection !!!!!!!!!!!!!!!!!!!!
======================== 6 warnings, 1 error in 0.87s =========================
